Using pre-set license
Built from '2020.3/staging' branch; Version is '2020.3.9f1 (108be757e447) revision 1084391'; Using compiler version '192528614'; Build Type 'Release'
OS: 'Windows 10 Pro; OS build 19044.1415; Version 2009; 64bit' Language: 'en' Physical Memory: 32699 MB
BatchMode: 1, IsHumanControllingUs: 0, StartBugReporterOnCrash: 0, Is64bit: 1, IsPro: 0

 COMMAND LINE ARGUMENTS:
C:\Program Files\Unity\Hub\Editor\2020.3.9f1\Editor\Unity.exe
-adb2
-batchMode
-noUpm
-name
AssetImportWorker1
-projectPath
D:/unity/Zombie Cow/Zombie Cow
-logFile
Logs/AssetImportWorker1.log
-srvPort
58951
Successfully changed project path to: D:/unity/Zombie Cow/Zombie Cow
D:/unity/Zombie Cow/Zombie Cow
Using Asset Import Pipeline V2.
Refreshing native plugins compatible for Editor in 30.74 ms, found 1 plugins.
Preloading 0 native plugins for Editor in 0.00 ms.
Initialize engine version: 2020.3.9f1 (108be757e447)
[Subsystems] Discovering subsystems at path C:/Program Files/Unity/Hub/Editor/2020.3.9f1/Editor/Data/Resources/UnitySubsystems
[Subsystems] Discovering subsystems at path D:/unity/Zombie Cow/Zombie Cow/Assets
GfxDevice: creating device client; threaded=0
Direct3D:
    Version:  Direct3D 11.0 [level 11.1]
    Renderer: NVIDIA GeForce RTX 2060 (ID=0x1f08)
    Vendor:   
    VRAM:     5980 MB
    Driver:   30.0.14.7168
Initialize mono
Mono path[0] = 'C:/Program Files/Unity/Hub/Editor/2020.3.9f1/Editor/Data/Managed'
Mono path[1] = 'C:/Program Files/Unity/Hub/Editor/2020.3.9f1/Editor/Data/MonoBleedingEdge/lib/mono/unityjit'
Mono config path = 'C:/Program Files/Unity/Hub/Editor/2020.3.9f1/Editor/Data/MonoBleedingEdge/etc'
Using monoOptions --debugger-agent=transport=dt_socket,embedding=1,server=y,suspend=n,address=127.0.0.1:56904
Begin MonoManager ReloadAssembly
Registering precompiled unity dll's ...
Register platform support module: C:/Program Files/Unity/Hub/Editor/2020.3.9f1/Editor/Data/PlaybackEngines/WebGLSupport/UnityEditor.WebGL.Extensions.dll
Register platform support module: C:/Program Files/Unity/Hub/Editor/2020.3.9f1/Editor/Data/PlaybackEngines/WindowsStandaloneSupport/UnityEditor.WindowsStandalone.Extensions.dll
Registered in 0.002137 seconds.
Native extension for WindowsStandalone target not found
Native extension for WebGL target not found
Refreshing native plugins compatible for Editor in 32.96 ms, found 1 plugins.
Preloading 0 native plugins for Editor in 0.00 ms.
Mono: successfully reloaded assembly
- Completed reload, in  4.792 seconds
Platform modules already initialized, skipping
Registering precompiled user dll's ...
Registered in 0.000575 seconds.
Begin MonoManager ReloadAssembly
Native extension for WindowsStandalone target not found
Native extension for WebGL target not found
Refreshing native plugins compatible for Editor in 30.41 ms, found 1 plugins.
Preloading 0 native plugins for Editor in 0.00 ms.
Mono: successfully reloaded assembly
- Completed reload, in  0.761 seconds
Platform modules already initialized, skipping
========================================================================
Worker process is ready to serve import requests
Launched and connected shader compiler UnityShaderCompiler.exe after 0.05 seconds
Refreshing native plugins compatible for Editor in 0.30 ms, found 1 plugins.
Preloading 0 native plugins for Editor in 0.00 ms.
Unloading 2016 Unused Serialized files (Serialized files now loaded: 0)
System memory in use before: 93.6 MB.
System memory in use after: 93.5 MB.

Unloading 25 unused Assets to reduce memory usage. Loaded Objects now: 2459.
Total: 1.619100 ms (FindLiveObjects: 0.120800 ms CreateObjectMapping: 0.049600 ms MarkObjects: 1.358800 ms  DeleteObjects: 0.089300 ms)

========================================================================
Received Import Request.
  path: Assets/Prefabs/Projectiles.prefab
  artifactKey: Guid(d1eff48e2d32b6f4db770d0e83340e3d) Importer(815301076,1909f56bfc062723c751e8b465ee728b)
Start importing Assets/Prefabs/Projectiles.prefab using Guid(d1eff48e2d32b6f4db770d0e83340e3d) Importer(815301076,1909f56bfc062723c751e8b465ee728b)  -> (artifact id: '0bc9d454e806d9705233006cc888d5c8') in 0.036537 seconds
  Import took 0.070021 seconds .

========================================================================
Received Import Request.
  Time since last request: 6.209200 seconds.
  path: Assets/Prefabs/Projectiles.prefab
  artifactKey: Guid(d1eff48e2d32b6f4db770d0e83340e3d) Importer(815301076,1909f56bfc062723c751e8b465ee728b)
Start importing Assets/Prefabs/Projectiles.prefab using Guid(d1eff48e2d32b6f4db770d0e83340e3d) Importer(815301076,1909f56bfc062723c751e8b465ee728b)  -> (artifact id: 'a77ccc4bf4dc205de1cd611d8d05f7af') in 0.002136 seconds
  Import took 0.016107 seconds .

========================================================================
Received Prepare
Registering precompiled user dll's ...
Registered in 0.000644 seconds.
Begin MonoManager ReloadAssembly
Native extension for WindowsStandalone target not found
Native extension for WebGL target not found
Refreshing native plugins compatible for Editor in 0.43 ms, found 1 plugins.
Preloading 0 native plugins for Editor in 0.00 ms.
Mono: successfully reloaded assembly
- Completed reload, in  0.736 seconds
Platform modules already initialized, skipping
Refreshing native plugins compatible for Editor in 0.31 ms, found 1 plugins.
Preloading 0 native plugins for Editor in 0.00 ms.
Unloading 1996 Unused Serialized files (Serialized files now loaded: 0)
System memory in use before: 92.1 MB.
System memory in use after: 92.1 MB.

Unloading 13 unused Assets to reduce memory usage. Loaded Objects now: 2463.
Total: 1.721500 ms (FindLiveObjects: 0.151900 ms CreateObjectMapping: 0.059200 ms MarkObjects: 1.428600 ms  DeleteObjects: 0.081100 ms)

========================================================================
Received Import Request.
  Time since last request: 12.124427 seconds.
  path: Assets/Prefabs/Projectiles.prefab
  artifactKey: Guid(d1eff48e2d32b6f4db770d0e83340e3d) Importer(815301076,1909f56bfc062723c751e8b465ee728b)
Start importing Assets/Prefabs/Projectiles.prefab using Guid(d1eff48e2d32b6f4db770d0e83340e3d) Importer(815301076,1909f56bfc062723c751e8b465ee728b)  -> (artifact id: 'b05e54de08047e1ecf34eb0584a61291') in 0.019344 seconds
  Import took 0.021827 seconds .

========================================================================
Received Import Request.
  Time since last request: 48.034910 seconds.
  path: Assets/Prefabs/Projectiles.prefab
  artifactKey: Guid(d1eff48e2d32b6f4db770d0e83340e3d) Importer(815301076,1909f56bfc062723c751e8b465ee728b)
Start importing Assets/Prefabs/Projectiles.prefab using Guid(d1eff48e2d32b6f4db770d0e83340e3d) Importer(815301076,1909f56bfc062723c751e8b465ee728b)  -> (artifact id: 'a2af69cd9972ced79e3781b2484308bd') in 0.003213 seconds
  Import took 0.016420 seconds .

========================================================================
Received Import Request.
  Time since last request: 0.871536 seconds.
  path: Assets/Prefabs/Projectiles.prefab
  artifactKey: Guid(d1eff48e2d32b6f4db770d0e83340e3d) Importer(815301076,1909f56bfc062723c751e8b465ee728b)
Start importing Assets/Prefabs/Projectiles.prefab using Guid(d1eff48e2d32b6f4db770d0e83340e3d) Importer(815301076,1909f56bfc062723c751e8b465ee728b)  -> (artifact id: '354d32fe156ee1e774079eb8884b93d5') in 0.003094 seconds
  Import took 0.008020 seconds .

========================================================================
Received Import Request.
  Time since last request: 1.218519 seconds.
  path: Assets/Prefabs/Projectiles.prefab
  artifactKey: Guid(d1eff48e2d32b6f4db770d0e83340e3d) Importer(815301076,1909f56bfc062723c751e8b465ee728b)
Start importing Assets/Prefabs/Projectiles.prefab using Guid(d1eff48e2d32b6f4db770d0e83340e3d) Importer(815301076,1909f56bfc062723c751e8b465ee728b)  -> (artifact id: 'c141c412e0783a3c6a3b730bf51fc2c2') in 0.002333 seconds
  Import took 0.019827 seconds .

========================================================================
Received Import Request.
  Time since last request: 1.154132 seconds.
  path: Assets/Prefabs/Projectiles.prefab
  artifactKey: Guid(d1eff48e2d32b6f4db770d0e83340e3d) Importer(815301076,1909f56bfc062723c751e8b465ee728b)
Start importing Assets/Prefabs/Projectiles.prefab using Guid(d1eff48e2d32b6f4db770d0e83340e3d) Importer(815301076,1909f56bfc062723c751e8b465ee728b)  -> (artifact id: 'ba6558986ed47ce7274506f02ad84b8e') in 0.003490 seconds
  Import took 0.016909 seconds .

========================================================================
Received Import Request.
  Time since last request: 1.012712 seconds.
  path: Assets/Prefabs/Projectiles.prefab
  artifactKey: Guid(d1eff48e2d32b6f4db770d0e83340e3d) Importer(815301076,1909f56bfc062723c751e8b465ee728b)
Start importing Assets/Prefabs/Projectiles.prefab using Guid(d1eff48e2d32b6f4db770d0e83340e3d) Importer(815301076,1909f56bfc062723c751e8b465ee728b)  -> (artifact id: '3331e38c279066a6d45c2e0679d8d099') in 0.002277 seconds
  Import took 0.021236 seconds .

========================================================================
Received Import Request.
  Time since last request: 19.543648 seconds.
  path: Assets/Prefabs/Projectiles.prefab
  artifactKey: Guid(d1eff48e2d32b6f4db770d0e83340e3d) Importer(815301076,1909f56bfc062723c751e8b465ee728b)
Start importing Assets/Prefabs/Projectiles.prefab using Guid(d1eff48e2d32b6f4db770d0e83340e3d) Importer(815301076,1909f56bfc062723c751e8b465ee728b)  -> (artifact id: '6fbeea96133f70448789ee3df0905105') in 0.002144 seconds
  Import took 0.012295 seconds .

========================================================================
Received Import Request.
  Time since last request: 2.225083 seconds.
  path: Assets/Prefabs/Projectiles.prefab
  artifactKey: Guid(d1eff48e2d32b6f4db770d0e83340e3d) Importer(815301076,1909f56bfc062723c751e8b465ee728b)
Start importing Assets/Prefabs/Projectiles.prefab using Guid(d1eff48e2d32b6f4db770d0e83340e3d) Importer(815301076,1909f56bfc062723c751e8b465ee728b)  -> (artifact id: '7c9890d6e525b152a6f687692391770e') in 0.003159 seconds
  Import took 0.011866 seconds .

========================================================================
Received Prepare
Registering precompiled user dll's ...
Registered in 0.000551 seconds.
Begin MonoManager ReloadAssembly
Native extension for WindowsStandalone target not found
Native extension for WebGL target not found
Refreshing native plugins compatible for Editor in 0.30 ms, found 1 plugins.
Preloading 0 native plugins for Editor in 0.00 ms.
Mono: successfully reloaded assembly
- Completed reload, in  0.670 seconds
Platform modules already initialized, skipping
Refreshing native plugins compatible for Editor in 0.32 ms, found 1 plugins.
Preloading 0 native plugins for Editor in 0.00 ms.
Unloading 1996 Unused Serialized files (Serialized files now loaded: 0)
System memory in use before: 92.2 MB.
System memory in use after: 92.2 MB.

Unloading 13 unused Assets to reduce memory usage. Loaded Objects now: 2467.
Total: 1.860600 ms (FindLiveObjects: 0.150800 ms CreateObjectMapping: 0.048100 ms MarkObjects: 1.582300 ms  DeleteObjects: 0.078800 ms)

========================================================================
Received Prepare
Registering precompiled user dll's ...
Registered in 0.000561 seconds.
Begin MonoManager ReloadAssembly
Native extension for WindowsStandalone target not found
Native extension for WebGL target not found
Refreshing native plugins compatible for Editor in 0.34 ms, found 1 plugins.
Preloading 0 native plugins for Editor in 0.00 ms.
Mono: successfully reloaded assembly
- Completed reload, in  0.678 seconds
Platform modules already initialized, skipping
Refreshing native plugins compatible for Editor in 0.32 ms, found 1 plugins.
Preloading 0 native plugins for Editor in 0.00 ms.
Unloading 1996 Unused Serialized files (Serialized files now loaded: 0)
System memory in use before: 92.2 MB.
System memory in use after: 92.2 MB.

Unloading 13 unused Assets to reduce memory usage. Loaded Objects now: 2471.
Total: 1.817600 ms (FindLiveObjects: 0.155100 ms CreateObjectMapping: 0.050700 ms MarkObjects: 1.534300 ms  DeleteObjects: 0.076900 ms)

========================================================================
Received Import Request.
  Time since last request: 61.609135 seconds.
  path: Assets/Prefabs/Projectiles.prefab
  artifactKey: Guid(d1eff48e2d32b6f4db770d0e83340e3d) Importer(815301076,1909f56bfc062723c751e8b465ee728b)
Start importing Assets/Prefabs/Projectiles.prefab using Guid(d1eff48e2d32b6f4db770d0e83340e3d) Importer(815301076,1909f56bfc062723c751e8b465ee728b)  -> (artifact id: 'b3a64abcbf20d561cffa33024b2065c0') in 0.017261 seconds
  Import took 0.019717 seconds .

========================================================================
Received Prepare
Registering precompiled user dll's ...
Registered in 0.000699 seconds.
Begin MonoManager ReloadAssembly
Native extension for WindowsStandalone target not found
Native extension for WebGL target not found
Refreshing native plugins compatible for Editor in 0.31 ms, found 1 plugins.
Preloading 0 native plugins for Editor in 0.00 ms.
Mono: successfully reloaded assembly
- Completed reload, in  0.655 seconds
Platform modules already initialized, skipping
Refreshing native plugins compatible for Editor in 0.31 ms, found 1 plugins.
Preloading 0 native plugins for Editor in 0.00 ms.
Unloading 1996 Unused Serialized files (Serialized files now loaded: 0)
System memory in use before: 92.2 MB.
System memory in use after: 92.2 MB.

Unloading 13 unused Assets to reduce memory usage. Loaded Objects now: 2475.
Total: 1.482500 ms (FindLiveObjects: 0.128400 ms CreateObjectMapping: 0.047900 ms MarkObjects: 1.226900 ms  DeleteObjects: 0.078800 ms)

========================================================================
Received Import Request.
  Time since last request: 1508.090078 seconds.
  path: Assets/Prefabs/Projectiles.prefab
  artifactKey: Guid(d1eff48e2d32b6f4db770d0e83340e3d) Importer(815301076,1909f56bfc062723c751e8b465ee728b)
Start importing Assets/Prefabs/Projectiles.prefab using Guid(d1eff48e2d32b6f4db770d0e83340e3d) Importer(815301076,1909f56bfc062723c751e8b465ee728b)  -> (artifact id: '42232acbf46459c54141753dc0cbd038') in 0.019644 seconds
  Import took 0.022768 seconds .

========================================================================
Received Prepare
Registering precompiled user dll's ...
Registered in 0.000637 seconds.
Begin MonoManager ReloadAssembly
Native extension for WindowsStandalone target not found
Native extension for WebGL target not found
Refreshing native plugins compatible for Editor in 0.34 ms, found 1 plugins.
Preloading 0 native plugins for Editor in 0.00 ms.
Mono: successfully reloaded assembly
- Completed reload, in  0.683 seconds
Platform modules already initialized, skipping
Refreshing native plugins compatible for Editor in 0.32 ms, found 1 plugins.
Preloading 0 native plugins for Editor in 0.00 ms.
Unloading 1996 Unused Serialized files (Serialized files now loaded: 0)
System memory in use before: 92.2 MB.
System memory in use after: 92.2 MB.

Unloading 13 unused Assets to reduce memory usage. Loaded Objects now: 2479.
Total: 1.792400 ms (FindLiveObjects: 0.157400 ms CreateObjectMapping: 0.049200 ms MarkObjects: 1.503200 ms  DeleteObjects: 0.081900 ms)

========================================================================
Received Prepare
Registering precompiled user dll's ...
Registered in 0.000624 seconds.
Begin MonoManager ReloadAssembly
Native extension for WindowsStandalone target not found
Native extension for WebGL target not found
Refreshing native plugins compatible for Editor in 0.31 ms, found 1 plugins.
Preloading 0 native plugins for Editor in 0.00 ms.
Mono: successfully reloaded assembly
- Completed reload, in  0.654 seconds
Platform modules already initialized, skipping
Refreshing native plugins compatible for Editor in 0.32 ms, found 1 plugins.
Preloading 0 native plugins for Editor in 0.00 ms.
Unloading 1996 Unused Serialized files (Serialized files now loaded: 0)
System memory in use before: 92.2 MB.
System memory in use after: 92.2 MB.

Unloading 13 unused Assets to reduce memory usage. Loaded Objects now: 2483.
Total: 1.886800 ms (FindLiveObjects: 0.151300 ms CreateObjectMapping: 0.058300 ms MarkObjects: 1.598400 ms  DeleteObjects: 0.078100 ms)

========================================================================
Received Import Request.
  Time since last request: 71.392995 seconds.
  path: Assets/Prefabs/Projectiles.prefab
  artifactKey: Guid(d1eff48e2d32b6f4db770d0e83340e3d) Importer(815301076,1909f56bfc062723c751e8b465ee728b)
Start importing Assets/Prefabs/Projectiles.prefab using Guid(d1eff48e2d32b6f4db770d0e83340e3d) Importer(815301076,1909f56bfc062723c751e8b465ee728b)  -> (artifact id: '364d5cc79936380fec656b84268b04d3') in 0.016684 seconds
  Import took 0.029621 seconds .

========================================================================
Received Import Request.
  Time since last request: 0.081660 seconds.
  path: Assets/Prefabs/Projectiles.prefab
  artifactKey: Guid(d1eff48e2d32b6f4db770d0e83340e3d) Importer(815301076,1909f56bfc062723c751e8b465ee728b)
Start importing Assets/Prefabs/Projectiles.prefab using Guid(d1eff48e2d32b6f4db770d0e83340e3d) Importer(815301076,1909f56bfc062723c751e8b465ee728b)  -> (artifact id: '364d5cc79936380fec656b84268b04d3') in 0.002147 seconds
  Import took 0.012848 seconds .

========================================================================
Received Prepare
Registering precompiled user dll's ...
Registered in 0.000649 seconds.
Begin MonoManager ReloadAssembly
Native extension for WindowsStandalone target not found
Native extension for WebGL target not found
Refreshing native plugins compatible for Editor in 0.57 ms, found 1 plugins.
Preloading 0 native plugins for Editor in 0.00 ms.
Mono: successfully reloaded assembly
- Completed reload, in  0.705 seconds
Platform modules already initialized, skipping
Refreshing native plugins compatible for Editor in 0.33 ms, found 1 plugins.
Preloading 0 native plugins for Editor in 0.00 ms.
Unloading 1996 Unused Serialized files (Serialized files now loaded: 0)
System memory in use before: 92.2 MB.
System memory in use after: 92.2 MB.

Unloading 13 unused Assets to reduce memory usage. Loaded Objects now: 2487.
Total: 1.571500 ms (FindLiveObjects: 0.133200 ms CreateObjectMapping: 0.049300 ms MarkObjects: 1.312000 ms  DeleteObjects: 0.076300 ms)

========================================================================
Received Prepare
Registering precompiled user dll's ...
Registered in 0.000649 seconds.
Begin MonoManager ReloadAssembly
Native extension for WindowsStandalone target not found
Native extension for WebGL target not found
Refreshing native plugins compatible for Editor in 0.34 ms, found 1 plugins.
Preloading 0 native plugins for Editor in 0.00 ms.
Mono: successfully reloaded assembly
- Completed reload, in  0.732 seconds
Platform modules already initialized, skipping
Refreshing native plugins compatible for Editor in 0.33 ms, found 1 plugins.
Preloading 0 native plugins for Editor in 0.00 ms.
Unloading 1996 Unused Serialized files (Serialized files now loaded: 0)
System memory in use before: 92.3 MB.
System memory in use after: 92.2 MB.

Unloading 13 unused Assets to reduce memory usage. Loaded Objects now: 2491.
Total: 1.739700 ms (FindLiveObjects: 0.233900 ms CreateObjectMapping: 0.069500 ms MarkObjects: 1.304700 ms  DeleteObjects: 0.130800 ms)

========================================================================
Received Import Request.
  Time since last request: 327.461582 seconds.
  path: Assets/Prefabs/Projectiles.prefab
  artifactKey: Guid(d1eff48e2d32b6f4db770d0e83340e3d) Importer(815301076,1909f56bfc062723c751e8b465ee728b)
Start importing Assets/Prefabs/Projectiles.prefab using Guid(d1eff48e2d32b6f4db770d0e83340e3d) Importer(815301076,1909f56bfc062723c751e8b465ee728b)  -> (artifact id: '221cbb1318d2870a3b2be8c6f55a9a3e') in 0.018269 seconds
  Import took 0.023937 seconds .

========================================================================
Received Prepare
Registering precompiled user dll's ...
Registered in 0.000629 seconds.
Begin MonoManager ReloadAssembly
Native extension for WindowsStandalone target not found
Native extension for WebGL target not found
Refreshing native plugins compatible for Editor in 0.31 ms, found 1 plugins.
Preloading 0 native plugins for Editor in 0.00 ms.
Mono: successfully reloaded assembly
- Completed reload, in  0.663 seconds
Platform modules already initialized, skipping
Refreshing native plugins compatible for Editor in 0.32 ms, found 1 plugins.
Preloading 0 native plugins for Editor in 0.00 ms.
Unloading 1996 Unused Serialized files (Serialized files now loaded: 0)
System memory in use before: 92.3 MB.
System memory in use after: 92.2 MB.

Unloading 13 unused Assets to reduce memory usage. Loaded Objects now: 2495.
Total: 1.695800 ms (FindLiveObjects: 0.153900 ms CreateObjectMapping: 0.048400 ms MarkObjects: 1.416100 ms  DeleteObjects: 0.076600 ms)

========================================================================
Received Prepare
Registering precompiled user dll's ...
Registered in 0.000814 seconds.
Begin MonoManager ReloadAssembly
Native extension for WindowsStandalone target not found
Native extension for WebGL target not found
Refreshing native plugins compatible for Editor in 0.38 ms, found 1 plugins.
Preloading 0 native plugins for Editor in 0.00 ms.
Mono: successfully reloaded assembly
- Completed reload, in  0.710 seconds
Platform modules already initialized, skipping
Refreshing native plugins compatible for Editor in 0.37 ms, found 1 plugins.
Preloading 0 native plugins for Editor in 0.00 ms.
Unloading 1996 Unused Serialized files (Serialized files now loaded: 0)
System memory in use before: 92.3 MB.
System memory in use after: 92.2 MB.

Unloading 13 unused Assets to reduce memory usage. Loaded Objects now: 2499.
Total: 1.809200 ms (FindLiveObjects: 0.165400 ms CreateObjectMapping: 0.073200 ms MarkObjects: 1.482000 ms  DeleteObjects: 0.087900 ms)

========================================================================
Received Prepare
Registering precompiled user dll's ...
Registered in 0.000668 seconds.
Begin MonoManager ReloadAssembly
Native extension for WindowsStandalone target not found
Native extension for WebGL target not found
Refreshing native plugins compatible for Editor in 0.47 ms, found 1 plugins.
Preloading 0 native plugins for Editor in 0.00 ms.
Mono: successfully reloaded assembly
- Completed reload, in  0.681 seconds
Platform modules already initialized, skipping
Refreshing native plugins compatible for Editor in 0.38 ms, found 1 plugins.
Preloading 0 native plugins for Editor in 0.00 ms.
Unloading 1996 Unused Serialized files (Serialized files now loaded: 0)
System memory in use before: 92.3 MB.
System memory in use after: 92.3 MB.

Unloading 13 unused Assets to reduce memory usage. Loaded Objects now: 2503.
Total: 1.623500 ms (FindLiveObjects: 0.131000 ms CreateObjectMapping: 0.053000 ms MarkObjects: 1.363500 ms  DeleteObjects: 0.075300 ms)

========================================================================
Received Prepare
Registering precompiled user dll's ...
Registered in 0.000894 seconds.
Begin MonoManager ReloadAssembly
Native extension for WindowsStandalone target not found
Native extension for WebGL target not found
Refreshing native plugins compatible for Editor in 0.33 ms, found 1 plugins.
Preloading 0 native plugins for Editor in 0.00 ms.
Mono: successfully reloaded assembly
- Completed reload, in  0.704 seconds
Platform modules already initialized, skipping
Refreshing native plugins compatible for Editor in 0.33 ms, found 1 plugins.
Preloading 0 native plugins for Editor in 0.00 ms.
Unloading 1996 Unused Serialized files (Serialized files now loaded: 0)
System memory in use before: 92.3 MB.
System memory in use after: 92.3 MB.

Unloading 13 unused Assets to reduce memory usage. Loaded Objects now: 2507.
Total: 1.517400 ms (FindLiveObjects: 0.145900 ms CreateObjectMapping: 0.057000 ms MarkObjects: 1.237400 ms  DeleteObjects: 0.076500 ms)

========================================================================
Received Prepare
Registering precompiled user dll's ...
Registered in 0.000597 seconds.
Begin MonoManager ReloadAssembly
Native extension for WindowsStandalone target not found
Native extension for WebGL target not found
Refreshing native plugins compatible for Editor in 0.30 ms, found 1 plugins.
Preloading 0 native plugins for Editor in 0.00 ms.
Mono: successfully reloaded assembly
- Completed reload, in  0.678 seconds
Platform modules already initialized, skipping
Refreshing native plugins compatible for Editor in 0.31 ms, found 1 plugins.
Preloading 0 native plugins for Editor in 0.00 ms.
Unloading 1996 Unused Serialized files (Serialized files now loaded: 0)
System memory in use before: 92.3 MB.
System memory in use after: 92.3 MB.

Unloading 13 unused Assets to reduce memory usage. Loaded Objects now: 2511.
Total: 1.646500 ms (FindLiveObjects: 0.153000 ms CreateObjectMapping: 0.053000 ms MarkObjects: 1.360800 ms  DeleteObjects: 0.079200 ms)

========================================================================
Received Prepare
Registering precompiled user dll's ...
Registered in 0.000601 seconds.
Begin MonoManager ReloadAssembly
Native extension for WindowsStandalone target not found
Native extension for WebGL target not found
Refreshing native plugins compatible for Editor in 0.31 ms, found 1 plugins.
Preloading 0 native plugins for Editor in 0.00 ms.
Mono: successfully reloaded assembly
- Completed reload, in  0.672 seconds
Platform modules already initialized, skipping
Refreshing native plugins compatible for Editor in 0.32 ms, found 1 plugins.
Preloading 0 native plugins for Editor in 0.00 ms.
Unloading 1996 Unused Serialized files (Serialized files now loaded: 0)
System memory in use before: 92.3 MB.
System memory in use after: 92.3 MB.

Unloading 13 unused Assets to reduce memory usage. Loaded Objects now: 2515.
Total: 1.895600 ms (FindLiveObjects: 0.152400 ms CreateObjectMapping: 0.051600 ms MarkObjects: 1.612800 ms  DeleteObjects: 0.078200 ms)

========================================================================
Received Prepare
Registering precompiled user dll's ...
Registered in 0.000585 seconds.
Begin MonoManager ReloadAssembly
Native extension for WindowsStandalone target not found
Native extension for WebGL target not found
Refreshing native plugins compatible for Editor in 0.31 ms, found 1 plugins.
Preloading 0 native plugins for Editor in 0.00 ms.
Mono: successfully reloaded assembly
- Completed reload, in  0.664 seconds
Platform modules already initialized, skipping
Refreshing native plugins compatible for Editor in 0.32 ms, found 1 plugins.
Preloading 0 native plugins for Editor in 0.00 ms.
Unloading 1996 Unused Serialized files (Serialized files now loaded: 0)
System memory in use before: 92.3 MB.
System memory in use after: 92.3 MB.

Unloading 13 unused Assets to reduce memory usage. Loaded Objects now: 2519.
Total: 1.894000 ms (FindLiveObjects: 0.160100 ms CreateObjectMapping: 0.054200 ms MarkObjects: 1.600300 ms  DeleteObjects: 0.078600 ms)

========================================================================
Received Prepare
Registering precompiled user dll's ...
Registered in 0.000593 seconds.
Begin MonoManager ReloadAssembly
Native extension for WindowsStandalone target not found
Native extension for WebGL target not found
Refreshing native plugins compatible for Editor in 0.32 ms, found 1 plugins.
Preloading 0 native plugins for Editor in 0.00 ms.
Mono: successfully reloaded assembly
- Completed reload, in  0.649 seconds
Platform modules already initialized, skipping
Refreshing native plugins compatible for Editor in 0.32 ms, found 1 plugins.
Preloading 0 native plugins for Editor in 0.00 ms.
Unloading 1996 Unused Serialized files (Serialized files now loaded: 0)
System memory in use before: 92.3 MB.
System memory in use after: 92.3 MB.

Unloading 13 unused Assets to reduce memory usage. Loaded Objects now: 2523.
Total: 1.867400 ms (FindLiveObjects: 0.127000 ms CreateObjectMapping: 0.046500 ms MarkObjects: 1.613000 ms  DeleteObjects: 0.080200 ms)

========================================================================
Received Prepare
Registering precompiled user dll's ...
Registered in 0.000600 seconds.
Begin MonoManager ReloadAssembly
Native extension for WindowsStandalone target not found
Native extension for WebGL target not found
Refreshing native plugins compatible for Editor in 0.33 ms, found 1 plugins.
Preloading 0 native plugins for Editor in 0.00 ms.
Mono: successfully reloaded assembly
- Completed reload, in  0.652 seconds
Platform modules already initialized, skipping
Refreshing native plugins compatible for Editor in 0.31 ms, found 1 plugins.
Preloading 0 native plugins for Editor in 0.00 ms.
Unloading 1996 Unused Serialized files (Serialized files now loaded: 0)
System memory in use before: 92.3 MB.
System memory in use after: 92.3 MB.

Unloading 13 unused Assets to reduce memory usage. Loaded Objects now: 2527.
Total: 1.875000 ms (FindLiveObjects: 0.154500 ms CreateObjectMapping: 0.052200 ms MarkObjects: 1.589700 ms  DeleteObjects: 0.078100 ms)

========================================================================
Received Prepare
Registering precompiled user dll's ...
Registered in 0.000576 seconds.
Begin MonoManager ReloadAssembly
Native extension for WindowsStandalone target not found
Native extension for WebGL target not found
Refreshing native plugins compatible for Editor in 0.33 ms, found 1 plugins.
Preloading 0 native plugins for Editor in 0.00 ms.
Mono: successfully reloaded assembly
- Completed reload, in  0.686 seconds
Platform modules already initialized, skipping
Refreshing native plugins compatible for Editor in 0.31 ms, found 1 plugins.
Preloading 0 native plugins for Editor in 0.00 ms.
Unloading 1996 Unused Serialized files (Serialized files now loaded: 0)
System memory in use before: 92.3 MB.
System memory in use after: 92.3 MB.

Unloading 13 unused Assets to reduce memory usage. Loaded Objects now: 2531.
Total: 1.909600 ms (FindLiveObjects: 0.156800 ms CreateObjectMapping: 0.048500 ms MarkObjects: 1.625600 ms  DeleteObjects: 0.078200 ms)

========================================================================
Received Prepare
Registering precompiled user dll's ...
Registered in 0.000613 seconds.
Begin MonoManager ReloadAssembly
Native extension for WindowsStandalone target not found
Native extension for WebGL target not found
Refreshing native plugins compatible for Editor in 0.32 ms, found 1 plugins.
Preloading 0 native plugins for Editor in 0.00 ms.
Mono: successfully reloaded assembly
- Completed reload, in  0.661 seconds
Platform modules already initialized, skipping
Refreshing native plugins compatible for Editor in 0.32 ms, found 1 plugins.
Preloading 0 native plugins for Editor in 0.00 ms.
Unloading 1996 Unused Serialized files (Serialized files now loaded: 0)
System memory in use before: 92.4 MB.
System memory in use after: 92.3 MB.

Unloading 13 unused Assets to reduce memory usage. Loaded Objects now: 2535.
Total: 1.573400 ms (FindLiveObjects: 0.146300 ms CreateObjectMapping: 0.067700 ms MarkObjects: 1.276900 ms  DeleteObjects: 0.081800 ms)

========================================================================
Received Import Request.
  Time since last request: 5899.741098 seconds.
  path: Assets/Prefabs/Projectiles.prefab
  artifactKey: Guid(d1eff48e2d32b6f4db770d0e83340e3d) Importer(815301076,1909f56bfc062723c751e8b465ee728b)
Start importing Assets/Prefabs/Projectiles.prefab using Guid(d1eff48e2d32b6f4db770d0e83340e3d) Importer(815301076,1909f56bfc062723c751e8b465ee728b)  -> (artifact id: '0831dec3155b3ef2b80cc487989f9fc7') in 0.071655 seconds
  Import took 0.094808 seconds .

========================================================================
Received Import Request.
  Time since last request: 0.004334 seconds.
  path: Assets/Prefabs/Projectiles.prefab
  artifactKey: Guid(d1eff48e2d32b6f4db770d0e83340e3d) Importer(815301076,1909f56bfc062723c751e8b465ee728b)
Start importing Assets/Prefabs/Projectiles.prefab using Guid(d1eff48e2d32b6f4db770d0e83340e3d) Importer(815301076,1909f56bfc062723c751e8b465ee728b)  -> (artifact id: '0831dec3155b3ef2b80cc487989f9fc7') in 0.002215 seconds
  Import took 0.004528 seconds .

========================================================================
Received Prepare
Registering precompiled user dll's ...
Registered in 0.000671 seconds.
Begin MonoManager ReloadAssembly
Native extension for WindowsStandalone target not found
Native extension for WebGL target not found
Refreshing native plugins compatible for Editor in 0.32 ms, found 1 plugins.
Preloading 0 native plugins for Editor in 0.00 ms.
Mono: successfully reloaded assembly
- Completed reload, in  0.743 seconds
Platform modules already initialized, skipping
Refreshing native plugins compatible for Editor in 0.32 ms, found 1 plugins.
Preloading 0 native plugins for Editor in 0.00 ms.
Unloading 1996 Unused Serialized files (Serialized files now loaded: 0)
System memory in use before: 92.4 MB.
System memory in use after: 92.3 MB.

Unloading 13 unused Assets to reduce memory usage. Loaded Objects now: 2539.
Total: 1.727500 ms (FindLiveObjects: 0.154900 ms CreateObjectMapping: 0.094900 ms MarkObjects: 1.376600 ms  DeleteObjects: 0.100400 ms)

========================================================================
Received Import Request.
  Time since last request: 34.135483 seconds.
  path: Assets/Prefabs/Projectiles.prefab
  artifactKey: Guid(d1eff48e2d32b6f4db770d0e83340e3d) Importer(815301076,1909f56bfc062723c751e8b465ee728b)
Start importing Assets/Prefabs/Projectiles.prefab using Guid(d1eff48e2d32b6f4db770d0e83340e3d) Importer(815301076,1909f56bfc062723c751e8b465ee728b)  -> (artifact id: '7ca0adc700a25ac90ecdef1b6322b12b') in 0.018814 seconds
  Import took 0.021254 seconds .

========================================================================
Received Prepare
Registering precompiled user dll's ...
Registered in 0.000538 seconds.
Begin MonoManager ReloadAssembly
Native extension for WindowsStandalone target not found
Native extension for WebGL target not found
Refreshing native plugins compatible for Editor in 0.30 ms, found 1 plugins.
Preloading 0 native plugins for Editor in 0.00 ms.
Mono: successfully reloaded assembly
- Completed reload, in  0.653 seconds
Platform modules already initialized, skipping
Refreshing native plugins compatible for Editor in 0.32 ms, found 1 plugins.
Preloading 0 native plugins for Editor in 0.00 ms.
Unloading 1996 Unused Serialized files (Serialized files now loaded: 0)
System memory in use before: 92.4 MB.
System memory in use after: 92.4 MB.

Unloading 13 unused Assets to reduce memory usage. Loaded Objects now: 2543.
Total: 1.681900 ms (FindLiveObjects: 0.156800 ms CreateObjectMapping: 0.145000 ms MarkObjects: 1.302800 ms  DeleteObjects: 0.076700 ms)

========================================================================
Received Import Request.
  Time since last request: 23.308265 seconds.
  path: Assets/Prefabs/Projectiles.prefab
  artifactKey: Guid(d1eff48e2d32b6f4db770d0e83340e3d) Importer(815301076,1909f56bfc062723c751e8b465ee728b)
Start importing Assets/Prefabs/Projectiles.prefab using Guid(d1eff48e2d32b6f4db770d0e83340e3d) Importer(815301076,1909f56bfc062723c751e8b465ee728b)  -> (artifact id: 'b71a843b6a6e0b9757629e8a6beeeedf') in 0.019791 seconds
  Import took 0.022266 seconds .

========================================================================
Received Prepare
Registering precompiled user dll's ...
Registered in 0.000555 seconds.
Begin MonoManager ReloadAssembly
Native extension for WindowsStandalone target not found
Native extension for WebGL target not found
Refreshing native plugins compatible for Editor in 0.47 ms, found 1 plugins.
Preloading 0 native plugins for Editor in 0.00 ms.
Mono: successfully reloaded assembly
- Completed reload, in  0.690 seconds
Platform modules already initialized, skipping
Refreshing native plugins compatible for Editor in 0.31 ms, found 1 plugins.
Preloading 0 native plugins for Editor in 0.00 ms.
Unloading 1996 Unused Serialized files (Serialized files now loaded: 0)
System memory in use before: 92.4 MB.
System memory in use after: 92.4 MB.

Unloading 13 unused Assets to reduce memory usage. Loaded Objects now: 2547.
Total: 1.575000 ms (FindLiveObjects: 0.149100 ms CreateObjectMapping: 0.052900 ms MarkObjects: 1.296200 ms  DeleteObjects: 0.076100 ms)

========================================================================
Received Prepare
Registering precompiled user dll's ...
Registered in 0.000586 seconds.
Begin MonoManager ReloadAssembly
Native extension for WindowsStandalone target not found
Native extension for WebGL target not found
Refreshing native plugins compatible for Editor in 0.31 ms, found 1 plugins.
Preloading 0 native plugins for Editor in 0.00 ms.
Mono: successfully reloaded assembly
- Completed reload, in  0.672 seconds
Platform modules already initialized, skipping
Refreshing native plugins compatible for Editor in 0.30 ms, found 1 plugins.
Preloading 0 native plugins for Editor in 0.00 ms.
Unloading 1996 Unused Serialized files (Serialized files now loaded: 0)
System memory in use before: 92.4 MB.
System memory in use after: 92.4 MB.

Unloading 13 unused Assets to reduce memory usage. Loaded Objects now: 2551.
Total: 1.707700 ms (FindLiveObjects: 0.128800 ms CreateObjectMapping: 0.048700 ms MarkObjects: 1.451400 ms  DeleteObjects: 0.078200 ms)

========================================================================
Received Prepare
Registering precompiled user dll's ...
Registered in 0.000636 seconds.
Begin MonoManager ReloadAssembly
Native extension for WindowsStandalone target not found
Native extension for WebGL target not found
Refreshing native plugins compatible for Editor in 0.31 ms, found 1 plugins.
Preloading 0 native plugins for Editor in 0.00 ms.
Mono: successfully reloaded assembly
- Completed reload, in  0.649 seconds
Platform modules already initialized, skipping
Refreshing native plugins compatible for Editor in 0.30 ms, found 1 plugins.
Preloading 0 native plugins for Editor in 0.00 ms.
Unloading 1996 Unused Serialized files (Serialized files now loaded: 0)
System memory in use before: 92.4 MB.
System memory in use after: 92.4 MB.

Unloading 13 unused Assets to reduce memory usage. Loaded Objects now: 2555.
Total: 1.749500 ms (FindLiveObjects: 0.133700 ms CreateObjectMapping: 0.049400 ms MarkObjects: 1.489100 ms  DeleteObjects: 0.076500 ms)

========================================================================
Received Prepare
Registering precompiled user dll's ...
Registered in 0.000675 seconds.
Begin MonoManager ReloadAssembly
Native extension for WindowsStandalone target not found
Native extension for WebGL target not found
Refreshing native plugins compatible for Editor in 0.32 ms, found 1 plugins.
Preloading 0 native plugins for Editor in 0.00 ms.
Mono: successfully reloaded assembly
- Completed reload, in  0.671 seconds
Platform modules already initialized, skipping
Refreshing native plugins compatible for Editor in 0.32 ms, found 1 plugins.
Preloading 0 native plugins for Editor in 0.00 ms.
Unloading 1996 Unused Serialized files (Serialized files now loaded: 0)
System memory in use before: 92.4 MB.
System memory in use after: 92.4 MB.

Unloading 13 unused Assets to reduce memory usage. Loaded Objects now: 2559.
Total: 1.740700 ms (FindLiveObjects: 0.129200 ms CreateObjectMapping: 0.051200 ms MarkObjects: 1.478700 ms  DeleteObjects: 0.081000 ms)

========================================================================
Received Prepare
Registering precompiled user dll's ...
Registered in 0.000671 seconds.
Begin MonoManager ReloadAssembly
Native extension for WindowsStandalone target not found
Native extension for WebGL target not found
Refreshing native plugins compatible for Editor in 0.33 ms, found 1 plugins.
Preloading 0 native plugins for Editor in 0.00 ms.
Mono: successfully reloaded assembly
- Completed reload, in  0.671 seconds
Platform modules already initialized, skipping
Refreshing native plugins compatible for Editor in 0.31 ms, found 1 plugins.
Preloading 0 native plugins for Editor in 0.00 ms.
Unloading 1996 Unused Serialized files (Serialized files now loaded: 0)
System memory in use before: 92.4 MB.
System memory in use after: 92.4 MB.

Unloading 13 unused Assets to reduce memory usage. Loaded Objects now: 2563.
Total: 1.732600 ms (FindLiveObjects: 0.154900 ms CreateObjectMapping: 0.052800 ms MarkObjects: 1.435600 ms  DeleteObjects: 0.088700 ms)

========================================================================
Received Prepare
Registering precompiled user dll's ...
Registered in 0.000604 seconds.
Begin MonoManager ReloadAssembly
Native extension for WindowsStandalone target not found
Native extension for WebGL target not found
Refreshing native plugins compatible for Editor in 0.32 ms, found 1 plugins.
Preloading 0 native plugins for Editor in 0.00 ms.
Mono: successfully reloaded assembly
- Completed reload, in  0.663 seconds
Platform modules already initialized, skipping
Refreshing native plugins compatible for Editor in 0.31 ms, found 1 plugins.
Preloading 0 native plugins for Editor in 0.00 ms.
Unloading 1996 Unused Serialized files (Serialized files now loaded: 0)
System memory in use before: 92.4 MB.
System memory in use after: 92.4 MB.

Unloading 13 unused Assets to reduce memory usage. Loaded Objects now: 2567.
Total: 1.829400 ms (FindLiveObjects: 0.135800 ms CreateObjectMapping: 0.051900 ms MarkObjects: 1.559800 ms  DeleteObjects: 0.081300 ms)

========================================================================
Received Import Request.
  Time since last request: 466.146993 seconds.
  path: Assets/Prefabs/Projectiles.prefab
  artifactKey: Guid(d1eff48e2d32b6f4db770d0e83340e3d) Importer(815301076,1909f56bfc062723c751e8b465ee728b)
Start importing Assets/Prefabs/Projectiles.prefab using Guid(d1eff48e2d32b6f4db770d0e83340e3d) Importer(815301076,1909f56bfc062723c751e8b465ee728b)  -> (artifact id: '2deb899c7caf36d7f1f797f2b18a2d3b') in 0.019878 seconds
  Import took 0.051162 seconds .

========================================================================
Received Import Request.
  Time since last request: 0.007041 seconds.
  path: Assets/Prefabs/Projectiles.prefab
  artifactKey: Guid(d1eff48e2d32b6f4db770d0e83340e3d) Importer(815301076,1909f56bfc062723c751e8b465ee728b)
Start importing Assets/Prefabs/Projectiles.prefab using Guid(d1eff48e2d32b6f4db770d0e83340e3d) Importer(815301076,1909f56bfc062723c751e8b465ee728b)  -> (artifact id: '2deb899c7caf36d7f1f797f2b18a2d3b') in 0.002047 seconds
  Import took 0.004288 seconds .

========================================================================
Received Prepare
Registering precompiled user dll's ...
Registered in 0.000569 seconds.
Begin MonoManager ReloadAssembly
Native extension for WindowsStandalone target not found
Native extension for WebGL target not found
Refreshing native plugins compatible for Editor in 0.32 ms, found 1 plugins.
Preloading 0 native plugins for Editor in 0.00 ms.
Mono: successfully reloaded assembly
- Completed reload, in  0.677 seconds
Platform modules already initialized, skipping
Refreshing native plugins compatible for Editor in 0.31 ms, found 1 plugins.
Preloading 0 native plugins for Editor in 0.00 ms.
Unloading 1996 Unused Serialized files (Serialized files now loaded: 0)
System memory in use before: 92.5 MB.
System memory in use after: 92.4 MB.

Unloading 13 unused Assets to reduce memory usage. Loaded Objects now: 2571.
Total: 1.876200 ms (FindLiveObjects: 0.147100 ms CreateObjectMapping: 0.048500 ms MarkObjects: 1.604200 ms  DeleteObjects: 0.075600 ms)

========================================================================
Received Import Request.
  Time since last request: 6.714431 seconds.
  path: Assets/Prefabs/Projectiles.prefab
  artifactKey: Guid(d1eff48e2d32b6f4db770d0e83340e3d) Importer(815301076,1909f56bfc062723c751e8b465ee728b)
Start importing Assets/Prefabs/Projectiles.prefab using Guid(d1eff48e2d32b6f4db770d0e83340e3d) Importer(815301076,1909f56bfc062723c751e8b465ee728b)  -> (artifact id: 'b3c033399eb631e89cb96a16ab6efb3c') in 0.017335 seconds
  Import took 0.019556 seconds .

========================================================================
Received Prepare
Registering precompiled user dll's ...
Registered in 0.000576 seconds.
Begin MonoManager ReloadAssembly
Native extension for WindowsStandalone target not found
Native extension for WebGL target not found
Refreshing native plugins compatible for Editor in 0.30 ms, found 1 plugins.
Preloading 0 native plugins for Editor in 0.00 ms.
Mono: successfully reloaded assembly
- Completed reload, in  0.677 seconds
Platform modules already initialized, skipping
Refreshing native plugins compatible for Editor in 0.32 ms, found 1 plugins.
Preloading 0 native plugins for Editor in 0.00 ms.
Unloading 1996 Unused Serialized files (Serialized files now loaded: 0)
System memory in use before: 92.5 MB.
System memory in use after: 92.4 MB.

Unloading 13 unused Assets to reduce memory usage. Loaded Objects now: 2575.
Total: 1.667800 ms (FindLiveObjects: 0.138300 ms CreateObjectMapping: 0.054700 ms MarkObjects: 1.394300 ms  DeleteObjects: 0.079800 ms)

========================================================================
Received Prepare
Registering precompiled user dll's ...
Registered in 0.000598 seconds.
Begin MonoManager ReloadAssembly
Native extension for WindowsStandalone target not found
Native extension for WebGL target not found
Refreshing native plugins compatible for Editor in 0.31 ms, found 1 plugins.
Preloading 0 native plugins for Editor in 0.00 ms.
Mono: successfully reloaded assembly
- Completed reload, in  0.671 seconds
Platform modules already initialized, skipping
Refreshing native plugins compatible for Editor in 0.33 ms, found 1 plugins.
Preloading 0 native plugins for Editor in 0.00 ms.
Unloading 1996 Unused Serialized files (Serialized files now loaded: 0)
System memory in use before: 92.5 MB.
System memory in use after: 92.5 MB.

Unloading 13 unused Assets to reduce memory usage. Loaded Objects now: 2579.
Total: 1.533100 ms (FindLiveObjects: 0.137000 ms CreateObjectMapping: 0.052000 ms MarkObjects: 1.265700 ms  DeleteObjects: 0.078000 ms)

========================================================================
Received Prepare
Registering precompiled user dll's ...
Registered in 0.000640 seconds.
Begin MonoManager ReloadAssembly
Native extension for WindowsStandalone target not found
Native extension for WebGL target not found
Refreshing native plugins compatible for Editor in 0.31 ms, found 1 plugins.
Preloading 0 native plugins for Editor in 0.00 ms.
Mono: successfully reloaded assembly
- Completed reload, in  0.692 seconds
Platform modules already initialized, skipping
Refreshing native plugins compatible for Editor in 0.31 ms, found 1 plugins.
Preloading 0 native plugins for Editor in 0.00 ms.
Unloading 1996 Unused Serialized files (Serialized files now loaded: 0)
System memory in use before: 92.5 MB.
System memory in use after: 92.5 MB.

Unloading 13 unused Assets to reduce memory usage. Loaded Objects now: 2583.
Total: 1.635300 ms (FindLiveObjects: 0.130700 ms CreateObjectMapping: 0.047800 ms MarkObjects: 1.375000 ms  DeleteObjects: 0.081100 ms)

========================================================================
Received Prepare
Registering precompiled user dll's ...
Registered in 0.000582 seconds.
Begin MonoManager ReloadAssembly
Native extension for WindowsStandalone target not found
Native extension for WebGL target not found
Refreshing native plugins compatible for Editor in 0.31 ms, found 1 plugins.
Preloading 0 native plugins for Editor in 0.00 ms.
Mono: successfully reloaded assembly
- Completed reload, in  0.668 seconds
Platform modules already initialized, skipping
Refreshing native plugins compatible for Editor in 0.31 ms, found 1 plugins.
Preloading 0 native plugins for Editor in 0.00 ms.
Unloading 1996 Unused Serialized files (Serialized files now loaded: 0)
System memory in use before: 92.5 MB.
System memory in use after: 92.5 MB.

Unloading 13 unused Assets to reduce memory usage. Loaded Objects now: 2587.
Total: 1.903600 ms (FindLiveObjects: 0.174000 ms CreateObjectMapping: 0.059900 ms MarkObjects: 1.583400 ms  DeleteObjects: 0.085500 ms)

========================================================================
Received Prepare
Registering precompiled user dll's ...
Registered in 0.000583 seconds.
Begin MonoManager ReloadAssembly
Native extension for WindowsStandalone target not found
Native extension for WebGL target not found
Refreshing native plugins compatible for Editor in 0.34 ms, found 1 plugins.
Preloading 0 native plugins for Editor in 0.00 ms.
Mono: successfully reloaded assembly
- Completed reload, in  0.667 seconds
Platform modules already initialized, skipping
Refreshing native plugins compatible for Editor in 0.32 ms, found 1 plugins.
Preloading 0 native plugins for Editor in 0.00 ms.
Unloading 1996 Unused Serialized files (Serialized files now loaded: 0)
System memory in use before: 92.5 MB.
System memory in use after: 92.5 MB.

Unloading 13 unused Assets to reduce memory usage. Loaded Objects now: 2591.
Total: 1.771400 ms (FindLiveObjects: 0.155500 ms CreateObjectMapping: 0.047900 ms MarkObjects: 1.482100 ms  DeleteObjects: 0.085300 ms)

========================================================================
Received Prepare
Registering precompiled user dll's ...
Registered in 0.000667 seconds.
Begin MonoManager ReloadAssembly
Native extension for WindowsStandalone target not found
Native extension for WebGL target not found
Refreshing native plugins compatible for Editor in 0.31 ms, found 1 plugins.
Preloading 0 native plugins for Editor in 0.00 ms.
Mono: successfully reloaded assembly
- Completed reload, in  0.661 seconds
Platform modules already initialized, skipping
Refreshing native plugins compatible for Editor in 0.31 ms, found 1 plugins.
Preloading 0 native plugins for Editor in 0.00 ms.
Unloading 1996 Unused Serialized files (Serialized files now loaded: 0)
System memory in use before: 92.5 MB.
System memory in use after: 92.5 MB.

Unloading 13 unused Assets to reduce memory usage. Loaded Objects now: 2595.
Total: 1.823600 ms (FindLiveObjects: 0.132300 ms CreateObjectMapping: 0.049200 ms MarkObjects: 1.551700 ms  DeleteObjects: 0.089800 ms)

========================================================================
Received Prepare
Registering precompiled user dll's ...
Registered in 0.000615 seconds.
Begin MonoManager ReloadAssembly
Native extension for WindowsStandalone target not found
Native extension for WebGL target not found
Refreshing native plugins compatible for Editor in 0.31 ms, found 1 plugins.
Preloading 0 native plugins for Editor in 0.00 ms.
Mono: successfully reloaded assembly
- Completed reload, in  0.665 seconds
Platform modules already initialized, skipping
Refreshing native plugins compatible for Editor in 0.31 ms, found 1 plugins.
Preloading 0 native plugins for Editor in 0.00 ms.
Unloading 1996 Unused Serialized files (Serialized files now loaded: 0)
System memory in use before: 92.5 MB.
System memory in use after: 92.5 MB.

Unloading 13 unused Assets to reduce memory usage. Loaded Objects now: 2599.
Total: 1.888600 ms (FindLiveObjects: 0.156400 ms CreateObjectMapping: 0.048900 ms MarkObjects: 1.602500 ms  DeleteObjects: 0.080100 ms)

========================================================================
Received Prepare
Registering precompiled user dll's ...
Registered in 0.000605 seconds.
Begin MonoManager ReloadAssembly
Native extension for WindowsStandalone target not found
Native extension for WebGL target not found
Refreshing native plugins compatible for Editor in 0.31 ms, found 1 plugins.
Preloading 0 native plugins for Editor in 0.00 ms.
Mono: successfully reloaded assembly
- Completed reload, in  0.671 seconds
Platform modules already initialized, skipping
Refreshing native plugins compatible for Editor in 0.31 ms, found 1 plugins.
Preloading 0 native plugins for Editor in 0.00 ms.
Unloading 1996 Unused Serialized files (Serialized files now loaded: 0)
System memory in use before: 92.5 MB.
System memory in use after: 92.5 MB.

Unloading 13 unused Assets to reduce memory usage. Loaded Objects now: 2603.
Total: 1.706900 ms (FindLiveObjects: 0.142200 ms CreateObjectMapping: 0.058000 ms MarkObjects: 1.426500 ms  DeleteObjects: 0.079500 ms)

========================================================================
Received Prepare
Registering precompiled user dll's ...
Registered in 0.000615 seconds.
Begin MonoManager ReloadAssembly
Native extension for WindowsStandalone target not found
Native extension for WebGL target not found
Refreshing native plugins compatible for Editor in 0.31 ms, found 1 plugins.
Preloading 0 native plugins for Editor in 0.00 ms.
Mono: successfully reloaded assembly
- Completed reload, in  0.672 seconds
Platform modules already initialized, skipping
Refreshing native plugins compatible for Editor in 0.31 ms, found 1 plugins.
Preloading 0 native plugins for Editor in 0.00 ms.
Unloading 1996 Unused Serialized files (Serialized files now loaded: 0)
System memory in use before: 92.5 MB.
System memory in use after: 92.5 MB.

Unloading 13 unused Assets to reduce memory usage. Loaded Objects now: 2607.
Total: 1.696500 ms (FindLiveObjects: 0.135100 ms CreateObjectMapping: 0.050700 ms MarkObjects: 1.433400 ms  DeleteObjects: 0.076400 ms)

========================================================================
Received Prepare
Registering precompiled user dll's ...
Registered in 0.000561 seconds.
Begin MonoManager ReloadAssembly
Native extension for WindowsStandalone target not found
Native extension for WebGL target not found
Refreshing native plugins compatible for Editor in 0.35 ms, found 1 plugins.
Preloading 0 native plugins for Editor in 0.00 ms.
Mono: successfully reloaded assembly
- Completed reload, in  0.694 seconds
Platform modules already initialized, skipping
Refreshing native plugins compatible for Editor in 0.31 ms, found 1 plugins.
Preloading 0 native plugins for Editor in 0.00 ms.
Unloading 1996 Unused Serialized files (Serialized files now loaded: 0)
System memory in use before: 92.5 MB.
System memory in use after: 92.5 MB.

Unloading 13 unused Assets to reduce memory usage. Loaded Objects now: 2611.
Total: 2.135800 ms (FindLiveObjects: 0.156800 ms CreateObjectMapping: 0.055500 ms MarkObjects: 1.807600 ms  DeleteObjects: 0.115200 ms)

========================================================================
Received Prepare
Registering precompiled user dll's ...
Registered in 0.000594 seconds.
Begin MonoManager ReloadAssembly
Native extension for WindowsStandalone target not found
Native extension for WebGL target not found
Refreshing native plugins compatible for Editor in 0.40 ms, found 1 plugins.
Preloading 0 native plugins for Editor in 0.00 ms.
Mono: successfully reloaded assembly
- Completed reload, in  0.675 seconds
Platform modules already initialized, skipping
Refreshing native plugins compatible for Editor in 0.36 ms, found 1 plugins.
Preloading 0 native plugins for Editor in 0.00 ms.
Unloading 1996 Unused Serialized files (Serialized files now loaded: 0)
System memory in use before: 92.6 MB.
System memory in use after: 92.5 MB.

Unloading 13 unused Assets to reduce memory usage. Loaded Objects now: 2615.
Total: 1.845800 ms (FindLiveObjects: 0.176000 ms CreateObjectMapping: 0.051600 ms MarkObjects: 1.535700 ms  DeleteObjects: 0.081800 ms)

========================================================================
Received Prepare
Registering precompiled user dll's ...
Registered in 0.000629 seconds.
Begin MonoManager ReloadAssembly
Native extension for WindowsStandalone target not found
Native extension for WebGL target not found
Refreshing native plugins compatible for Editor in 0.32 ms, found 1 plugins.
Preloading 0 native plugins for Editor in 0.00 ms.
Mono: successfully reloaded assembly
- Completed reload, in  0.646 seconds
Platform modules already initialized, skipping
Refreshing native plugins compatible for Editor in 0.34 ms, found 1 plugins.
Preloading 0 native plugins for Editor in 0.00 ms.
Unloading 1996 Unused Serialized files (Serialized files now loaded: 0)
System memory in use before: 92.6 MB.
System memory in use after: 92.6 MB.

Unloading 13 unused Assets to reduce memory usage. Loaded Objects now: 2619.
Total: 1.703100 ms (FindLiveObjects: 0.144000 ms CreateObjectMapping: 0.053300 ms MarkObjects: 1.426000 ms  DeleteObjects: 0.079100 ms)

========================================================================
Received Prepare
Registering precompiled user dll's ...
Registered in 0.000599 seconds.
Begin MonoManager ReloadAssembly
Native extension for WindowsStandalone target not found
Native extension for WebGL target not found
Refreshing native plugins compatible for Editor in 0.31 ms, found 1 plugins.
Preloading 0 native plugins for Editor in 0.00 ms.
Mono: successfully reloaded assembly
- Completed reload, in  0.659 seconds
Platform modules already initialized, skipping
Refreshing native plugins compatible for Editor in 0.31 ms, found 1 plugins.
Preloading 0 native plugins for Editor in 0.00 ms.
Unloading 1996 Unused Serialized files (Serialized files now loaded: 0)
System memory in use before: 92.6 MB.
System memory in use after: 92.6 MB.

Unloading 13 unused Assets to reduce memory usage. Loaded Objects now: 2623.
Total: 1.754400 ms (FindLiveObjects: 0.142300 ms CreateObjectMapping: 0.061800 ms MarkObjects: 1.471400 ms  DeleteObjects: 0.078200 ms)

========================================================================
Received Prepare
Registering precompiled user dll's ...
Registered in 0.000596 seconds.
Begin MonoManager ReloadAssembly
Native extension for WindowsStandalone target not found
Native extension for WebGL target not found
Refreshing native plugins compatible for Editor in 0.41 ms, found 1 plugins.
Preloading 0 native plugins for Editor in 0.00 ms.
Mono: successfully reloaded assembly
- Completed reload, in  0.658 seconds
Platform modules already initialized, skipping
Refreshing native plugins compatible for Editor in 0.31 ms, found 1 plugins.
Preloading 0 native plugins for Editor in 0.00 ms.
Unloading 1996 Unused Serialized files (Serialized files now loaded: 0)
System memory in use before: 92.6 MB.
System memory in use after: 92.6 MB.

Unloading 13 unused Assets to reduce memory usage. Loaded Objects now: 2627.
Total: 1.698400 ms (FindLiveObjects: 0.144800 ms CreateObjectMapping: 0.055100 ms MarkObjects: 1.414700 ms  DeleteObjects: 0.083300 ms)

========================================================================
Received Prepare
Registering precompiled user dll's ...
Registered in 0.000882 seconds.
Begin MonoManager ReloadAssembly
Native extension for WindowsStandalone target not found
Native extension for WebGL target not found
Refreshing native plugins compatible for Editor in 0.43 ms, found 1 plugins.
Preloading 0 native plugins for Editor in 0.00 ms.
Mono: successfully reloaded assembly
- Completed reload, in  0.710 seconds
Platform modules already initialized, skipping
Refreshing native plugins compatible for Editor in 0.31 ms, found 1 plugins.
Preloading 0 native plugins for Editor in 0.00 ms.
Unloading 1996 Unused Serialized files (Serialized files now loaded: 0)
System memory in use before: 92.6 MB.
System memory in use after: 92.6 MB.

Unloading 13 unused Assets to reduce memory usage. Loaded Objects now: 2631.
Total: 1.823400 ms (FindLiveObjects: 0.180600 ms CreateObjectMapping: 0.067700 ms MarkObjects: 1.469000 ms  DeleteObjects: 0.105300 ms)

========================================================================
Received Prepare
Registering precompiled user dll's ...
Registered in 0.000563 seconds.
Begin MonoManager ReloadAssembly
Native extension for WindowsStandalone target not found
Native extension for WebGL target not found
Refreshing native plugins compatible for Editor in 0.31 ms, found 1 plugins.
Preloading 0 native plugins for Editor in 0.00 ms.
Mono: successfully reloaded assembly
- Completed reload, in  0.662 seconds
Platform modules already initialized, skipping
Refreshing native plugins compatible for Editor in 0.31 ms, found 1 plugins.
Preloading 0 native plugins for Editor in 0.00 ms.
Unloading 1996 Unused Serialized files (Serialized files now loaded: 0)
System memory in use before: 92.6 MB.
System memory in use after: 92.6 MB.

Unloading 13 unused Assets to reduce memory usage. Loaded Objects now: 2635.
Total: 1.708600 ms (FindLiveObjects: 0.136900 ms CreateObjectMapping: 0.051700 ms MarkObjects: 1.441800 ms  DeleteObjects: 0.077600 ms)

========================================================================
Received Prepare
Registering precompiled user dll's ...
Registered in 0.000642 seconds.
Begin MonoManager ReloadAssembly
Native extension for WindowsStandalone target not found
Native extension for WebGL target not found
Refreshing native plugins compatible for Editor in 0.37 ms, found 1 plugins.
Preloading 0 native plugins for Editor in 0.00 ms.
Mono: successfully reloaded assembly
- Completed reload, in  0.660 seconds
Platform modules already initialized, skipping
Refreshing native plugins compatible for Editor in 0.32 ms, found 1 plugins.
Preloading 0 native plugins for Editor in 0.00 ms.
Unloading 1996 Unused Serialized files (Serialized files now loaded: 0)
System memory in use before: 92.6 MB.
System memory in use after: 92.6 MB.

Unloading 13 unused Assets to reduce memory usage. Loaded Objects now: 2639.
Total: 2.242300 ms (FindLiveObjects: 0.168200 ms CreateObjectMapping: 0.056000 ms MarkObjects: 1.939300 ms  DeleteObjects: 0.078000 ms)

========================================================================
Received Prepare
Registering precompiled user dll's ...
Registered in 0.000612 seconds.
Begin MonoManager ReloadAssembly
Native extension for WindowsStandalone target not found
Native extension for WebGL target not found
Refreshing native plugins compatible for Editor in 0.31 ms, found 1 plugins.
Preloading 0 native plugins for Editor in 0.00 ms.
Mono: successfully reloaded assembly
- Completed reload, in  0.656 seconds
Platform modules already initialized, skipping
Refreshing native plugins compatible for Editor in 0.31 ms, found 1 plugins.
Preloading 0 native plugins for Editor in 0.00 ms.
Unloading 1996 Unused Serialized files (Serialized files now loaded: 0)
System memory in use before: 92.6 MB.
System memory in use after: 92.6 MB.

Unloading 13 unused Assets to reduce memory usage. Loaded Objects now: 2643.
Total: 1.928000 ms (FindLiveObjects: 0.163500 ms CreateObjectMapping: 0.056400 ms MarkObjects: 1.628000 ms  DeleteObjects: 0.079600 ms)

========================================================================
Received Prepare
Registering precompiled user dll's ...
Registered in 0.000584 seconds.
Begin MonoManager ReloadAssembly
Native extension for WindowsStandalone target not found
Native extension for WebGL target not found
Refreshing native plugins compatible for Editor in 1.25 ms, found 1 plugins.
Preloading 0 native plugins for Editor in 0.00 ms.
Mono: successfully reloaded assembly
- Completed reload, in  0.709 seconds
Platform modules already initialized, skipping
Refreshing native plugins compatible for Editor in 0.32 ms, found 1 plugins.
Preloading 0 native plugins for Editor in 0.00 ms.
Unloading 1996 Unused Serialized files (Serialized files now loaded: 0)
System memory in use before: 92.6 MB.
System memory in use after: 92.6 MB.

Unloading 13 unused Assets to reduce memory usage. Loaded Objects now: 2647.
Total: 1.924000 ms (FindLiveObjects: 0.160700 ms CreateObjectMapping: 0.051600 ms MarkObjects: 1.629900 ms  DeleteObjects: 0.081300 ms)

========================================================================
Received Prepare
Registering precompiled user dll's ...
Registered in 0.000618 seconds.
Begin MonoManager ReloadAssembly
Native extension for WindowsStandalone target not found
Native extension for WebGL target not found
Refreshing native plugins compatible for Editor in 0.39 ms, found 1 plugins.
Preloading 0 native plugins for Editor in 0.00 ms.
Mono: successfully reloaded assembly
- Completed reload, in  0.698 seconds
Platform modules already initialized, skipping
Refreshing native plugins compatible for Editor in 0.32 ms, found 1 plugins.
Preloading 0 native plugins for Editor in 0.00 ms.
Unloading 1996 Unused Serialized files (Serialized files now loaded: 0)
System memory in use before: 92.6 MB.
System memory in use after: 92.6 MB.

Unloading 13 unused Assets to reduce memory usage. Loaded Objects now: 2651.
Total: 1.884700 ms (FindLiveObjects: 0.165600 ms CreateObjectMapping: 0.054500 ms MarkObjects: 1.585400 ms  DeleteObjects: 0.078200 ms)

========================================================================
Received Prepare
Registering precompiled user dll's ...
Registered in 0.000618 seconds.
Begin MonoManager ReloadAssembly
Native extension for WindowsStandalone target not found
Native extension for WebGL target not found
Refreshing native plugins compatible for Editor in 0.35 ms, found 1 plugins.
Preloading 0 native plugins for Editor in 0.00 ms.
Mono: successfully reloaded assembly
- Completed reload, in  0.664 seconds
Platform modules already initialized, skipping
Refreshing native plugins compatible for Editor in 0.35 ms, found 1 plugins.
Preloading 0 native plugins for Editor in 0.00 ms.
Unloading 1996 Unused Serialized files (Serialized files now loaded: 0)
System memory in use before: 92.7 MB.
System memory in use after: 92.6 MB.

Unloading 13 unused Assets to reduce memory usage. Loaded Objects now: 2655.
Total: 1.859300 ms (FindLiveObjects: 0.137800 ms CreateObjectMapping: 0.052000 ms MarkObjects: 1.590000 ms  DeleteObjects: 0.078800 ms)

========================================================================
Received Prepare
Registering precompiled user dll's ...
Registered in 0.000744 seconds.
Begin MonoManager ReloadAssembly
Native extension for WindowsStandalone target not found
Native extension for WebGL target not found
Refreshing native plugins compatible for Editor in 0.31 ms, found 1 plugins.
Preloading 0 native plugins for Editor in 0.00 ms.
Mono: successfully reloaded assembly
- Completed reload, in  0.656 seconds
Platform modules already initialized, skipping
Refreshing native plugins compatible for Editor in 0.31 ms, found 1 plugins.
Preloading 0 native plugins for Editor in 0.00 ms.
Unloading 1996 Unused Serialized files (Serialized files now loaded: 0)
System memory in use before: 92.7 MB.
System memory in use after: 92.6 MB.

Unloading 13 unused Assets to reduce memory usage. Loaded Objects now: 2659.
Total: 1.909800 ms (FindLiveObjects: 0.162900 ms CreateObjectMapping: 0.051000 ms MarkObjects: 1.615400 ms  DeleteObjects: 0.079900 ms)

========================================================================
Received Prepare
Registering precompiled user dll's ...
Registered in 0.000572 seconds.
Begin MonoManager ReloadAssembly
Native extension for WindowsStandalone target not found
Native extension for WebGL target not found
Refreshing native plugins compatible for Editor in 0.32 ms, found 1 plugins.
Preloading 0 native plugins for Editor in 0.00 ms.
Mono: successfully reloaded assembly
- Completed reload, in  0.660 seconds
Platform modules already initialized, skipping
Refreshing native plugins compatible for Editor in 0.31 ms, found 1 plugins.
Preloading 0 native plugins for Editor in 0.00 ms.
Unloading 1996 Unused Serialized files (Serialized files now loaded: 0)
System memory in use before: 92.7 MB.
System memory in use after: 92.7 MB.

Unloading 13 unused Assets to reduce memory usage. Loaded Objects now: 2663.
Total: 1.773900 ms (FindLiveObjects: 0.137300 ms CreateObjectMapping: 0.049800 ms MarkObjects: 1.509100 ms  DeleteObjects: 0.077000 ms)

========================================================================
Received Prepare
Registering precompiled user dll's ...
Registered in 0.000644 seconds.
Begin MonoManager ReloadAssembly
Native extension for WindowsStandalone target not found
Native extension for WebGL target not found
Refreshing native plugins compatible for Editor in 0.31 ms, found 1 plugins.
Preloading 0 native plugins for Editor in 0.00 ms.
Mono: successfully reloaded assembly
- Completed reload, in  0.660 seconds
Platform modules already initialized, skipping
Refreshing native plugins compatible for Editor in 0.32 ms, found 1 plugins.
Preloading 0 native plugins for Editor in 0.00 ms.
Unloading 1996 Unused Serialized files (Serialized files now loaded: 0)
System memory in use before: 92.7 MB.
System memory in use after: 92.7 MB.

Unloading 13 unused Assets to reduce memory usage. Loaded Objects now: 2667.
Total: 1.566300 ms (FindLiveObjects: 0.141300 ms CreateObjectMapping: 0.050600 ms MarkObjects: 1.294600 ms  DeleteObjects: 0.079300 ms)

========================================================================
Received Prepare
Registering precompiled user dll's ...
Registered in 0.000628 seconds.
Begin MonoManager ReloadAssembly
Native extension for WindowsStandalone target not found
Native extension for WebGL target not found
Refreshing native plugins compatible for Editor in 0.31 ms, found 1 plugins.
Preloading 0 native plugins for Editor in 0.00 ms.
Mono: successfully reloaded assembly
- Completed reload, in  0.675 seconds
Platform modules already initialized, skipping
Refreshing native plugins compatible for Editor in 0.32 ms, found 1 plugins.
Preloading 0 native plugins for Editor in 0.00 ms.
Unloading 1996 Unused Serialized files (Serialized files now loaded: 0)
System memory in use before: 92.7 MB.
System memory in use after: 92.7 MB.

Unloading 13 unused Assets to reduce memory usage. Loaded Objects now: 2671.
Total: 1.590600 ms (FindLiveObjects: 0.148600 ms CreateObjectMapping: 0.053400 ms MarkObjects: 1.307700 ms  DeleteObjects: 0.080500 ms)

========================================================================
Received Prepare
Registering precompiled user dll's ...
Registered in 0.000581 seconds.
Begin MonoManager ReloadAssembly
Native extension for WindowsStandalone target not found
Native extension for WebGL target not found
Refreshing native plugins compatible for Editor in 0.31 ms, found 1 plugins.
Preloading 0 native plugins for Editor in 0.00 ms.
Mono: successfully reloaded assembly
- Completed reload, in  0.678 seconds
Platform modules already initialized, skipping
Refreshing native plugins compatible for Editor in 0.33 ms, found 1 plugins.
Preloading 0 native plugins for Editor in 0.00 ms.
Unloading 1996 Unused Serialized files (Serialized files now loaded: 0)
System memory in use before: 92.7 MB.
System memory in use after: 92.7 MB.

Unloading 13 unused Assets to reduce memory usage. Loaded Objects now: 2675.
Total: 1.905500 ms (FindLiveObjects: 0.159300 ms CreateObjectMapping: 0.052000 ms MarkObjects: 1.613300 ms  DeleteObjects: 0.080000 ms)

========================================================================
Received Prepare
Registering precompiled user dll's ...
Registered in 0.000565 seconds.
Begin MonoManager ReloadAssembly
Native extension for WindowsStandalone target not found
Native extension for WebGL target not found
Refreshing native plugins compatible for Editor in 0.31 ms, found 1 plugins.
Preloading 0 native plugins for Editor in 0.00 ms.
Mono: successfully reloaded assembly
- Completed reload, in  0.675 seconds
Platform modules already initialized, skipping
Refreshing native plugins compatible for Editor in 0.31 ms, found 1 plugins.
Preloading 0 native plugins for Editor in 0.00 ms.
Unloading 1996 Unused Serialized files (Serialized files now loaded: 0)
System memory in use before: 92.7 MB.
System memory in use after: 92.7 MB.

Unloading 13 unused Assets to reduce memory usage. Loaded Objects now: 2679.
Total: 1.890800 ms (FindLiveObjects: 0.154900 ms CreateObjectMapping: 0.050100 ms MarkObjects: 1.610400 ms  DeleteObjects: 0.074800 ms)

========================================================================
Received Prepare
Registering precompiled user dll's ...
Registered in 0.000597 seconds.
Begin MonoManager ReloadAssembly
Native extension for WindowsStandalone target not found
Native extension for WebGL target not found
Refreshing native plugins compatible for Editor in 0.31 ms, found 1 plugins.
Preloading 0 native plugins for Editor in 0.00 ms.
Mono: successfully reloaded assembly
- Completed reload, in  0.660 seconds
Platform modules already initialized, skipping
Refreshing native plugins compatible for Editor in 0.32 ms, found 1 plugins.
Preloading 0 native plugins for Editor in 0.00 ms.
Unloading 1996 Unused Serialized files (Serialized files now loaded: 0)
System memory in use before: 92.7 MB.
System memory in use after: 92.7 MB.

Unloading 13 unused Assets to reduce memory usage. Loaded Objects now: 2683.
Total: 1.737900 ms (FindLiveObjects: 0.131600 ms CreateObjectMapping: 0.048700 ms MarkObjects: 1.482000 ms  DeleteObjects: 0.074800 ms)

========================================================================
Received Prepare
Registering precompiled user dll's ...
Registered in 0.000542 seconds.
Begin MonoManager ReloadAssembly
Native extension for WindowsStandalone target not found
Native extension for WebGL target not found
Refreshing native plugins compatible for Editor in 0.32 ms, found 1 plugins.
Preloading 0 native plugins for Editor in 0.00 ms.
Mono: successfully reloaded assembly
- Completed reload, in  0.688 seconds
Platform modules already initialized, skipping
Refreshing native plugins compatible for Editor in 0.32 ms, found 1 plugins.
Preloading 0 native plugins for Editor in 0.00 ms.
Unloading 1996 Unused Serialized files (Serialized files now loaded: 0)
System memory in use before: 92.7 MB.
System memory in use after: 92.7 MB.

Unloading 13 unused Assets to reduce memory usage. Loaded Objects now: 2687.
Total: 1.893900 ms (FindLiveObjects: 0.196900 ms CreateObjectMapping: 0.076400 ms MarkObjects: 1.531800 ms  DeleteObjects: 0.087900 ms)

========================================================================
Received Prepare
Registering precompiled user dll's ...
Registered in 0.000865 seconds.
Begin MonoManager ReloadAssembly
Native extension for WindowsStandalone target not found
Native extension for WebGL target not found
Refreshing native plugins compatible for Editor in 0.31 ms, found 1 plugins.
Preloading 0 native plugins for Editor in 0.00 ms.
Mono: successfully reloaded assembly
- Completed reload, in  0.663 seconds
Platform modules already initialized, skipping
Refreshing native plugins compatible for Editor in 0.31 ms, found 1 plugins.
Preloading 0 native plugins for Editor in 0.00 ms.
Unloading 1996 Unused Serialized files (Serialized files now loaded: 0)
System memory in use before: 92.8 MB.
System memory in use after: 92.8 MB.

Unloading 13 unused Assets to reduce memory usage. Loaded Objects now: 2691.
Total: 1.880300 ms (FindLiveObjects: 0.175400 ms CreateObjectMapping: 0.053500 ms MarkObjects: 1.570700 ms  DeleteObjects: 0.080200 ms)

========================================================================
Received Prepare
Registering precompiled user dll's ...
Registered in 0.000582 seconds.
Begin MonoManager ReloadAssembly
Native extension for WindowsStandalone target not found
Native extension for WebGL target not found
Refreshing native plugins compatible for Editor in 0.33 ms, found 1 plugins.
Preloading 0 native plugins for Editor in 0.00 ms.
Mono: successfully reloaded assembly
- Completed reload, in  0.662 seconds
Platform modules already initialized, skipping
Refreshing native plugins compatible for Editor in 0.32 ms, found 1 plugins.
Preloading 0 native plugins for Editor in 0.00 ms.
Unloading 1996 Unused Serialized files (Serialized files now loaded: 0)
System memory in use before: 92.7 MB.
System memory in use after: 92.7 MB.

Unloading 13 unused Assets to reduce memory usage. Loaded Objects now: 2695.
Total: 1.790600 ms (FindLiveObjects: 0.144100 ms CreateObjectMapping: 0.051200 ms MarkObjects: 1.517500 ms  DeleteObjects: 0.077200 ms)

========================================================================
Received Prepare
Registering precompiled user dll's ...
Registered in 0.000614 seconds.
Begin MonoManager ReloadAssembly
Native extension for WindowsStandalone target not found
Native extension for WebGL target not found
Refreshing native plugins compatible for Editor in 0.31 ms, found 1 plugins.
Preloading 0 native plugins for Editor in 0.00 ms.
Mono: successfully reloaded assembly
- Completed reload, in  0.666 seconds
Platform modules already initialized, skipping
Refreshing native plugins compatible for Editor in 0.32 ms, found 1 plugins.
Preloading 0 native plugins for Editor in 0.00 ms.
Unloading 1996 Unused Serialized files (Serialized files now loaded: 0)
System memory in use before: 92.8 MB.
System memory in use after: 92.7 MB.

Unloading 13 unused Assets to reduce memory usage. Loaded Objects now: 2699.
Total: 1.792900 ms (FindLiveObjects: 0.135200 ms CreateObjectMapping: 0.050900 ms MarkObjects: 1.532200 ms  DeleteObjects: 0.074100 ms)

========================================================================
Received Prepare
Registering precompiled user dll's ...
Registered in 0.000601 seconds.
Begin MonoManager ReloadAssembly
Native extension for WindowsStandalone target not found
Native extension for WebGL target not found
Refreshing native plugins compatible for Editor in 0.31 ms, found 1 plugins.
Preloading 0 native plugins for Editor in 0.00 ms.
Mono: successfully reloaded assembly
- Completed reload, in  0.674 seconds
Platform modules already initialized, skipping
Refreshing native plugins compatible for Editor in 0.32 ms, found 1 plugins.
Preloading 0 native plugins for Editor in 0.00 ms.
Unloading 1996 Unused Serialized files (Serialized files now loaded: 0)
System memory in use before: 92.9 MB.
System memory in use after: 92.8 MB.

Unloading 13 unused Assets to reduce memory usage. Loaded Objects now: 2703.
Total: 1.750300 ms (FindLiveObjects: 0.158200 ms CreateObjectMapping: 0.051800 ms MarkObjects: 1.458500 ms  DeleteObjects: 0.081000 ms)

